Using pre-set license

 COMMAND LINE ARGUMENTS:
/Applications/Unity/Hub/Editor/2020.3.11f1/Unity.app/Contents/MacOS/Unity
-adb2
-batchMode
-noUpm
-name
AssetImportWorker1
-projectPath
/Users/max/Development/games/the-mine
-logFile
Logs/AssetImportWorker1.log
-srvPort
63548
Successfully changed project path to: /Users/max/Development/games/the-mine
/Users/max/Development/games/the-mine
Using Asset Import Pipeline V2.
Refreshing native plugins compatible for Editor in 85.55 ms, found 2 plugins.
Preloading 0 native plugins for Editor in 0.00 ms.
Initialize engine version: 2020.3.11f1 (99c7afb366b3)
[Subsystems] Discovering subsystems at path /Applications/Unity/Hub/Editor/2020.3.11f1/Unity.app/Contents/Resources/UnitySubsystems
[Subsystems] Discovering subsystems at path /Users/max/Development/games/the-mine/Assets
GfxDevice: creating device client; threaded=0
2021-06-13 13:51:31.810 Unity[5398:1777105] Thunderbolt Display preferred device: Intel(R) Iris(TM) Plus Graphics 650 (low power)
2021-06-13 13:51:31.810 Unity[5398:1777105] Metal devices available: 1
2021-06-13 13:51:31.810 Unity[5398:1777105] 0: Intel(R) Iris(TM) Plus Graphics 650 (low power)
2021-06-13 13:51:31.811 Unity[5398:1777105] Using device Intel(R) Iris(TM) Plus Graphics 650 (low power)
Initializing Metal device caps: Intel(R) Iris(TM) Plus Graphics 650
Initialize mono
Mono path[0] = '/Applications/Unity/Hub/Editor/2020.3.11f1/Unity.app/Contents/Managed'
Mono path[1] = '/Applications/Unity/Hub/Editor/2020.3.11f1/Unity.app/Contents/MonoBleedingEdge/lib/mono/unityjit'
Mono config path = '/Applications/Unity/Hub/Editor/2020.3.11f1/Unity.app/Contents/MonoBleedingEdge/etc'
Using monoOptions --debugger-agent=transport=dt_socket,embedding=1,server=y,suspend=n,address=127.0.0.1:56398
Begin MonoManager ReloadAssembly
Registering precompiled unity dll's ...
Register platform support module: /Applications/Unity/Hub/Editor/2020.3.11f1/Unity.app/Contents/PlaybackEngines/MacStandaloneSupport/UnityEditor.OSXStandalone.Extensions.dll
Registered in 0.001775 seconds.
Native extension for OSXStandalone target not found
Refreshing native plugins compatible for Editor in 108.72 ms, found 2 plugins.
Preloading 0 native plugins for Editor in 0.00 ms.
Mono: successfully reloaded assembly
- Completed reload, in  7.005 seconds
Platform modules already initialized, skipping
Registering precompiled user dll's ...
Registered in 0.013939 seconds.
Begin MonoManager ReloadAssembly
Native extension for OSXStandalone target not found
Refreshing native plugins compatible for Editor in 0.83 ms, found 2 plugins.
Preloading 0 native plugins for Editor in 0.00 ms.
DisplayProgressbar: VSCode
Mono: successfully reloaded assembly
- Completed reload, in  3.967 seconds
Platform modules already initialized, skipping
========================================================================
Worker process is ready to serve import requests
Launching external process: /Applications/Unity/Hub/Editor/2020.3.11f1/Unity.app/Contents/Tools/UnityShaderCompiler
Launched and connected shader compiler UnityShaderCompiler after 0.18 seconds
Refreshing native plugins compatible for Editor in 0.70 ms, found 2 plugins.
Preloading 0 native plugins for Editor in 0.00 ms.
Unloading 1985 Unused Serialized files (Serialized files now loaded: 0)
System memory in use before: 163.5 MB.
System memory in use after: 163.6 MB.

Unloading 58 unused Assets to reduce memory usage. Loaded Objects now: 2390.
Total: 6.635085 ms (FindLiveObjects: 0.208023 ms CreateObjectMapping: 0.072048 ms MarkObjects: 6.267723 ms  DeleteObjects: 0.086085 ms)

========================================================================
Received Import Request.
  path: Assets/SpriteLightKit/Assets/SpriteLightKit/Shaders/SpriteLightKit-BlendImageEffect.shader
  artifactKey: Guid(09755a4891f8d4526a7e0690a23dec7b) Importer(815301076,1909f56bfc062723c751e8b465ee728b)
Start importing Assets/SpriteLightKit/Assets/SpriteLightKit/Shaders/SpriteLightKit-BlendImageEffect.shader using Guid(09755a4891f8d4526a7e0690a23dec7b) Importer(815301076,1909f56bfc062723c751e8b465ee728b)  -> (artifact id: '556f691991addb0a4b18a563a94b2d51') in 4.655242 seconds
  Import took 4.660600 seconds .

========================================================================
Received Prepare
Registering precompiled user dll's ...
Registered in 0.011641 seconds.
Begin MonoManager ReloadAssembly
Native extension for OSXStandalone target not found
Refreshing native plugins compatible for Editor in 6.41 ms, found 2 plugins.
Preloading 0 native plugins for Editor in 0.00 ms.
Mono: successfully reloaded assembly
- Completed reload, in  5.844 seconds
Platform modules already initialized, skipping
Refreshing native plugins compatible for Editor in 0.77 ms, found 2 plugins.
Preloading 0 native plugins for Editor in 0.00 ms.
Unloading 1974 Unused Serialized files (Serialized files now loaded: 0)
System memory in use before: 165.2 MB.
System memory in use after: 165.3 MB.

Unloading 49 unused Assets to reduce memory usage. Loaded Objects now: 2393.
Total: 12.281994 ms (FindLiveObjects: 0.868964 ms CreateObjectMapping: 0.303385 ms MarkObjects: 11.015777 ms  DeleteObjects: 0.091929 ms)

========================================================================
Received Prepare
Registering precompiled user dll's ...
Registered in 0.003837 seconds.
Begin MonoManager ReloadAssembly
Native extension for OSXStandalone target not found
Refreshing native plugins compatible for Editor in 1.35 ms, found 2 plugins.
Preloading 0 native plugins for Editor in 0.00 ms.
Mono: successfully reloaded assembly
- Completed reload, in  2.201 seconds
Platform modules already initialized, skipping
Refreshing native plugins compatible for Editor in 1.04 ms, found 2 plugins.
Preloading 0 native plugins for Editor in 0.00 ms.
Unloading 1974 Unused Serialized files (Serialized files now loaded: 0)
System memory in use before: 165.4 MB.
System memory in use after: 165.5 MB.

Unloading 49 unused Assets to reduce memory usage. Loaded Objects now: 2396.
Total: 12.756841 ms (FindLiveObjects: 1.038795 ms CreateObjectMapping: 0.129281 ms MarkObjects: 11.508593 ms  DeleteObjects: 0.077360 ms)

========================================================================
Received Prepare
Registering precompiled user dll's ...
Registered in 0.004106 seconds.
Begin MonoManager ReloadAssembly
Native extension for OSXStandalone target not found
Refreshing native plugins compatible for Editor in 0.85 ms, found 2 plugins.
Preloading 0 native plugins for Editor in 0.00 ms.
Mono: successfully reloaded assembly
- Completed reload, in  1.896 seconds
Platform modules already initialized, skipping
Refreshing native plugins compatible for Editor in 0.75 ms, found 2 plugins.
Preloading 0 native plugins for Editor in 0.00 ms.
Unloading 1974 Unused Serialized files (Serialized files now loaded: 0)
System memory in use before: 165.5 MB.
System memory in use after: 165.6 MB.

Unloading 49 unused Assets to reduce memory usage. Loaded Objects now: 2399.
Total: 6.456021 ms (FindLiveObjects: 0.431872 ms CreateObjectMapping: 0.122101 ms MarkObjects: 5.855893 ms  DeleteObjects: 0.044671 ms)

========================================================================
Received Prepare
Registering precompiled user dll's ...
Registered in 0.011953 seconds.
Begin MonoManager ReloadAssembly
Native extension for OSXStandalone target not found
Refreshing native plugins compatible for Editor in 0.93 ms, found 2 plugins.
Preloading 0 native plugins for Editor in 0.00 ms.
Mono: successfully reloaded assembly
- Completed reload, in  2.382 seconds
Platform modules already initialized, skipping
Refreshing native plugins compatible for Editor in 1.01 ms, found 2 plugins.
Preloading 0 native plugins for Editor in 0.00 ms.
Unloading 1974 Unused Serialized files (Serialized files now loaded: 0)
System memory in use before: 165.8 MB.
System memory in use after: 165.9 MB.

Unloading 49 unused Assets to reduce memory usage. Loaded Objects now: 2402.
Total: 11.261613 ms (FindLiveObjects: 0.372823 ms CreateObjectMapping: 0.201673 ms MarkObjects: 10.603941 ms  DeleteObjects: 0.080667 ms)

========================================================================
Received Prepare
Registering precompiled user dll's ...
Registered in 0.005077 seconds.
Begin MonoManager ReloadAssembly
Native extension for OSXStandalone target not found
Refreshing native plugins compatible for Editor in 0.75 ms, found 2 plugins.
Preloading 0 native plugins for Editor in 0.00 ms.
Mono: successfully reloaded assembly
- Completed reload, in  1.826 seconds
Platform modules already initialized, skipping
Refreshing native plugins compatible for Editor in 0.79 ms, found 2 plugins.
Preloading 0 native plugins for Editor in 0.00 ms.
Unloading 1974 Unused Serialized files (Serialized files now loaded: 0)
System memory in use before: 165.9 MB.
System memory in use after: 166.1 MB.

Unloading 49 unused Assets to reduce memory usage. Loaded Objects now: 2405.
Total: 6.254866 ms (FindLiveObjects: 0.580999 ms CreateObjectMapping: 0.120593 ms MarkObjects: 5.516477 ms  DeleteObjects: 0.035786 ms)

========================================================================
Received Prepare
Registering precompiled user dll's ...
Registered in 0.012218 seconds.
Begin MonoManager ReloadAssembly
Native extension for OSXStandalone target not found
Refreshing native plugins compatible for Editor in 0.74 ms, found 2 plugins.
Preloading 0 native plugins for Editor in 0.00 ms.
Mono: successfully reloaded assembly
- Completed reload, in  3.569 seconds
Platform modules already initialized, skipping
Refreshing native plugins compatible for Editor in 0.77 ms, found 2 plugins.
Preloading 0 native plugins for Editor in 0.00 ms.
Unloading 1974 Unused Serialized files (Serialized files now loaded: 0)
System memory in use before: 166.2 MB.
System memory in use after: 166.3 MB.

Unloading 49 unused Assets to reduce memory usage. Loaded Objects now: 2408.
Total: 7.442720 ms (FindLiveObjects: 0.275264 ms CreateObjectMapping: 0.087053 ms MarkObjects: 7.045751 ms  DeleteObjects: 0.033558 ms)

========================================================================
Received Prepare
Registering precompiled user dll's ...
Registered in 0.005448 seconds.
Begin MonoManager ReloadAssembly
Native extension for OSXStandalone target not found
Refreshing native plugins compatible for Editor in 0.90 ms, found 2 plugins.
Preloading 0 native plugins for Editor in 0.00 ms.
Mono: successfully reloaded assembly
- Completed reload, in  4.690 seconds
Platform modules already initialized, skipping
Refreshing native plugins compatible for Editor in 1.18 ms, found 2 plugins.
Preloading 0 native plugins for Editor in 0.00 ms.
Unloading 1975 Unused Serialized files (Serialized files now loaded: 0)
System memory in use before: 168.3 MB.
System memory in use after: 168.4 MB.

Unloading 49 unused Assets to reduce memory usage. Loaded Objects now: 2413.
Total: 9.914349 ms (FindLiveObjects: 0.557714 ms CreateObjectMapping: 0.162538 ms MarkObjects: 9.119443 ms  DeleteObjects: 0.071754 ms)

========================================================================
Received Import Request.
  Time since last request: 35380.225223 seconds.
  path: Assets/SpriteLightKit/Assets/SpriteLightKitDemo/Sprites/spright-lights.png
  artifactKey: Guid(e7227a2d9681e455483e41246c46f660) Importer(815301076,1909f56bfc062723c751e8b465ee728b)
Start importing Assets/SpriteLightKit/Assets/SpriteLightKitDemo/Sprites/spright-lights.png using Guid(e7227a2d9681e455483e41246c46f660) Importer(815301076,1909f56bfc062723c751e8b465ee728b)  -> (artifact id: '65497ca0ecfc22087190bb8c14283e8d') in 4.081739 seconds
  Import took 4.095136 seconds .

========================================================================
Received Import Request.
  Time since last request: 118.137470 seconds.
  path: Assets/Prefabs/Nodes
  artifactKey: Guid(67a7cd7bb871b496d92f008f138723eb) Importer(815301076,1909f56bfc062723c751e8b465ee728b)
Start importing Assets/Prefabs/Nodes using Guid(67a7cd7bb871b496d92f008f138723eb) Importer(815301076,1909f56bfc062723c751e8b465ee728b)  -> (artifact id: '32ed2b51e435786e854ba71b4775961e') in 0.002863 seconds
  Import took 0.009098 seconds .

========================================================================
Received Import Request.
  Time since last request: 2.927177 seconds.
  path: Assets/Prefabs/Nodes/Shaft.prefab
  artifactKey: Guid(cd0816a6c0c254fea859d601347abdfa) Importer(815301076,1909f56bfc062723c751e8b465ee728b)
Start importing Assets/Prefabs/Nodes/Shaft.prefab using Guid(cd0816a6c0c254fea859d601347abdfa) Importer(815301076,1909f56bfc062723c751e8b465ee728b)  -> (artifact id: 'a1a940f9337b251b3dfd894f5f7d82fa') in 0.718103 seconds
  Import took 0.725271 seconds .

========================================================================
Received Prepare
Registering precompiled user dll's ...
Registered in 0.012092 seconds.
Begin MonoManager ReloadAssembly
Native extension for OSXStandalone target not found
Refreshing native plugins compatible for Editor in 0.97 ms, found 2 plugins.
Preloading 0 native plugins for Editor in 0.00 ms.
Mono: successfully reloaded assembly
- Completed reload, in  2.941 seconds
Platform modules already initialized, skipping
Refreshing native plugins compatible for Editor in 0.82 ms, found 2 plugins.
Preloading 0 native plugins for Editor in 0.00 ms.
Unloading 1975 Unused Serialized files (Serialized files now loaded: 0)
System memory in use before: 180.6 MB.
System memory in use after: 180.7 MB.

Unloading 49 unused Assets to reduce memory usage. Loaded Objects now: 2434.
Total: 7.444443 ms (FindLiveObjects: 0.256482 ms CreateObjectMapping: 0.106947 ms MarkObjects: 7.034244 ms  DeleteObjects: 0.045305 ms)

========================================================================
Received Prepare
Registering precompiled user dll's ...
Registered in 0.021535 seconds.
Begin MonoManager ReloadAssembly
Native extension for OSXStandalone target not found
Refreshing native plugins compatible for Editor in 0.71 ms, found 2 plugins.
Preloading 0 native plugins for Editor in 0.00 ms.
Mono: successfully reloaded assembly
- Completed reload, in  1.938 seconds
Platform modules already initialized, skipping
Refreshing native plugins compatible for Editor in 0.90 ms, found 2 plugins.
Preloading 0 native plugins for Editor in 0.00 ms.
Unloading 1975 Unused Serialized files (Serialized files now loaded: 0)
System memory in use before: 180.7 MB.
System memory in use after: 180.9 MB.

Unloading 49 unused Assets to reduce memory usage. Loaded Objects now: 2437.
Total: 5.950893 ms (FindLiveObjects: 0.199796 ms CreateObjectMapping: 0.064597 ms MarkObjects: 5.645971 ms  DeleteObjects: 0.039385 ms)

========================================================================
Received Prepare
Registering precompiled user dll's ...
Registered in 0.011199 seconds.
Begin MonoManager ReloadAssembly
Native extension for OSXStandalone target not found
Refreshing native plugins compatible for Editor in 0.82 ms, found 2 plugins.
Preloading 0 native plugins for Editor in 0.00 ms.
Mono: successfully reloaded assembly
- Completed reload, in  2.604 seconds
Platform modules already initialized, skipping
Refreshing native plugins compatible for Editor in 1.52 ms, found 2 plugins.
Preloading 0 native plugins for Editor in 0.00 ms.
Unloading 1975 Unused Serialized files (Serialized files now loaded: 0)
System memory in use before: 181.0 MB.
System memory in use after: 181.1 MB.

Unloading 49 unused Assets to reduce memory usage. Loaded Objects now: 2440.
Total: 11.850315 ms (FindLiveObjects: 1.696500 ms CreateObjectMapping: 0.317090 ms MarkObjects: 9.748131 ms  DeleteObjects: 0.084868 ms)

========================================================================
Received Prepare
Registering precompiled user dll's ...
Registered in 0.005486 seconds.
Begin MonoManager ReloadAssembly
Native extension for OSXStandalone target not found
Refreshing native plugins compatible for Editor in 1.00 ms, found 2 plugins.
Preloading 0 native plugins for Editor in 0.00 ms.
Mono: successfully reloaded assembly
- Completed reload, in  2.426 seconds
Platform modules already initialized, skipping
Refreshing native plugins compatible for Editor in 1.15 ms, found 2 plugins.
Preloading 0 native plugins for Editor in 0.00 ms.
Unloading 1975 Unused Serialized files (Serialized files now loaded: 0)
System memory in use before: 181.2 MB.
System memory in use after: 181.3 MB.

Unloading 49 unused Assets to reduce memory usage. Loaded Objects now: 2443.
Total: 7.423164 ms (FindLiveObjects: 0.433134 ms CreateObjectMapping: 0.146890 ms MarkObjects: 6.795139 ms  DeleteObjects: 0.046725 ms)

========================================================================
Received Prepare
Registering precompiled user dll's ...
Registered in 0.009392 seconds.
Begin MonoManager ReloadAssembly
Native extension for OSXStandalone target not found
Refreshing native plugins compatible for Editor in 0.71 ms, found 2 plugins.
Preloading 0 native plugins for Editor in 0.00 ms.
Mono: successfully reloaded assembly
- Completed reload, in  2.117 seconds
Platform modules already initialized, skipping
Refreshing native plugins compatible for Editor in 0.81 ms, found 2 plugins.
Preloading 0 native plugins for Editor in 0.00 ms.
Unloading 1975 Unused Serialized files (Serialized files now loaded: 0)
System memory in use before: 181.4 MB.
System memory in use after: 181.5 MB.

Unloading 49 unused Assets to reduce memory usage. Loaded Objects now: 2446.
Total: 9.784542 ms (FindLiveObjects: 0.333314 ms CreateObjectMapping: 0.145536 ms MarkObjects: 9.239046 ms  DeleteObjects: 0.065418 ms)

